
     Program LD1 v.6.4 starts on  8May2020 at 13:33: 7 

     This program is part of the open-source Quantum ESPRESSO suite
     for quantum simulation of materials; please cite
         "P. Giannozzi et al., J. Phys.:Condens. Matter 21 395502 (2009);
         "P. Giannozzi et al., J. Phys.:Condens. Matter 29 465901 (2017);
          URL http://www.quantum-espresso.org", 
     in publications or presentations arising from this work. More details at
     http://www.quantum-espresso.org/quote

     Parallel version (MPI), running on     1 processors

     MPI processes distributed on     1 nodes
     Waiting for input...
     Reading input from standard input
 F
 error           0
     --------------------------- All-electron run ----------------------------

     Li                                                                         
     scalar relativistic calculation

     atomic number is  3.00
     dft =SLA-PW   lsd =0 sic =0 latt =0  beta=0.20 tr2=1.0E-14
     Exchange-correlation      = SLA-PW ( 1  4  0  0 0 0)
     mesh =1017 r(mesh) =  99.62247 a.u. xmin = -7.00 dx = 0.01250
     1 Ry =  13.60569193 eV, c = 137.03599966

     n l     nl                  e(Ry)          e(Ha)          e(eV)
     1 0     1S 1( 2.00)        -3.7567        -1.8784       -51.1131
     2 0     2S 1( 1.00)        -0.2112        -0.1056        -2.8737

     final scf error:  4.5E-15 reached in  14 iterations

     Etot =     -14.670761 Ry,      -7.335380 Ha,    -199.605854 eV

     Ekin =      14.478460 Ry,       7.239230 Ha,     196.989466 eV
     Encl =     -33.827576 Ry,     -16.913788 Ha,    -460.247584 eV
     Eh   =       7.982305 Ry,       3.991153 Ha,     108.604789 eV
     Exc  =      -3.303950 Ry,      -1.651975 Ha,     -44.952525 eV


     normalization and overlap integrals

     s(1S/1S) =  1.000000  <r> =   0.5887  <r2> =    0.4763  r(max) =   0.3638
     s(1S/2S) = -0.000020
     s(2S/2S) =  1.000000  <r> =   3.9332  <r2> =   18.4634  r(max) =   3.1233

     ------------------------ End of All-electron run ------------------------


     --------------------- Generating NC pseudopotential ---------------------


      Generating local potential from pseudized AE potential:
      Matching radius rcloc =   1.3000

      Local pseudo, rcloc= 1.286 Estimated cut-off energy=    14.22 Ry


      Wfc   1S  rcut= 0.706  Using Troullier-Martins method 


      Wfc   2S  rcut= 0.706  Using Troullier-Martins method 

      The bmat matrix
    -5.99233    -1.02159
    -1.02159    -0.17943

       Warning: n=1, l=0 expected 0 nodes, found 1
       Setting wfc to zero for this iteration
       (This warning will only be printed once per wavefunction)


     ------------------- End of pseudopotential generation -------------------

 F
 error           0
     --------------------------- All-electron run ----------------------------

     Li                                                                         
     scalar relativistic calculation

     atomic number is  3.00
     dft =SLA-PW   lsd =0 sic =0 latt =0  beta=0.20 tr2=1.0E-14
     Exchange-correlation      = SLA-PW ( 1  4  0  0 0 0)
     mesh =1017 r(mesh) =  99.62247 a.u. xmin = -7.00 dx = 0.01250
     1 Ry =  13.60569193 eV, c = 137.03599966

     n l     nl                  e(Ry)          e(Ha)          e(eV)
     1 0     1S 1( 2.00)        -3.7567        -1.8784       -51.1131
     2 0     2S 1( 1.00)        -0.2112        -0.1056        -2.8737

     final scf error:  4.5E-15 reached in  14 iterations

     Etot =     -14.670761 Ry,      -7.335380 Ha,    -199.605854 eV

     Ekin =      14.478460 Ry,       7.239230 Ha,     196.989466 eV
     Encl =     -33.827576 Ry,     -16.913788 Ha,    -460.247584 eV
     Eh   =       7.982305 Ry,       3.991153 Ha,     108.604789 eV
     Exc  =      -3.303950 Ry,      -1.651975 Ha,     -44.952525 eV


     normalization and overlap integrals

     s(1S/1S) =  1.000000  <r> =   0.5887  <r2> =    0.4763  r(max) =   0.3638
     s(1S/2S) = -0.000020
     s(2S/2S) =  1.000000  <r> =   3.9332  <r2> =   18.4634  r(max) =   3.1233

     ------------------------ End of All-electron run ------------------------


     ---------------------- Testing the pseudopotential ----------------------

     Li                                                                         
     scalar relativistic calculation

     atomic number is  3.00   valence charge is  3.00
     dft =SLA-PW   lsd =0 sic =0 latt =0  beta=0.20 tr2=1.0E-14
     mesh =1017 r(mesh) =  99.62247 xmin = -7.00 dx = 0.01250

     n l     nl             e AE (Ry)        e PS (Ry)    De AE-PS (Ry) 
     1 0     1S   1( 2.00)       -3.75674       -3.75692        0.00018
     2 0     2S   1( 1.00)       -0.21122       -0.21122        0.00000

     eps = 9.5E-16  iter = 11

     Etot =     -14.670761 Ry,      -7.335380 Ha,    -199.605854 eV
     Etotps =   -14.604678 Ry,      -7.302339 Ha,    -198.706756 eV

     Ekin =      13.195667 Ry,       6.597834 Ha,     179.536185 eV
     Encl =     -20.228660 Ry,     -10.114330 Ha,    -275.224923 eV
     Ehrt =       7.900403 Ry,       3.950202 Ha,     107.490452 eV
     Ecxc =      -3.256803 Ry,      -1.628402 Ha,     -44.311059 eV
     Epseu=     -12.215285 Ry,      -6.107643 Ha,    -166.197411 eV

     ---------------------- End of pseudopotential test ----------------------

